<?xml version="1.0" encoding="UTF-8"?>
<testng-results total="2" passed="2" failed="0" skipped="0">
  <reporter-output>
  </reporter-output>
  <suite started-at="2022-04-15T16:51:11Z" name="Suite1" finished-at="2022-04-15T16:52:38Z" duration-ms="87230">
    <groups>
    </groups>
    <test started-at="2022-04-15T16:51:11Z" name="NO" finished-at="2022-04-15T16:52:38Z" duration-ms="87230">
      <class name="com.hrms.testscripts.TC001">
        <test-method signature="tc001()[pri:0, instance:com.hrms.testscripts.TC001@798162bc]" started-at="2022-04-15T22:21:11Z" name="tc001" finished-at="2022-04-15T22:22:15Z" duration-ms="63309" status="PASS">
          <reporter-output>
          </reporter-output>
        </test-method> <!-- tc001 -->
      </class> <!-- com.hrms.testscripts.TC001 -->
      <class name="com.hrms.testscripts.TC002">
        <test-method signature="tc002()[pri:0, instance:com.hrms.testscripts.TC002@6e2aa843]" started-at="2022-04-15T22:22:15Z" name="tc002" finished-at="2022-04-15T22:22:38Z" duration-ms="23896" status="PASS">
          <reporter-output>
          </reporter-output>
        </test-method> <!-- tc002 -->
      </class> <!-- com.hrms.testscripts.TC002 -->
    </test> <!-- NO -->
  </suite> <!-- Suite1 -->
</testng-results>
